app/build/intermediates/manifest_merge_blame_file/release/manifest-merger-blame-release-report.txt
1<?xml version="1.0" encoding="utf-8"?>
2<manifest xmlns:android="http://schemas.android.com/apk/res/android"
3    package="com.erv.app"
4    android:versionCode="1"
5    android:versionName="0.1.0" >
6
7    <uses-sdk
8        android:minSdkVersion="26"
9        android:targetSdkVersion="34" />
10
11    <uses-permission android:name="android.permission.INTERNET" />
11-->src/main/AndroidManifest.xml:4:5-67
11-->src/main/AndroidManifest.xml:4:22-64
12    <uses-permission android:name="android.permission.POST_NOTIFICATIONS" />
12-->src/main/AndroidManifest.xml:5:5-77
12-->src/main/AndroidManifest.xml:5:22-74
13    <uses-permission android:name="android.permission.FOREGROUND_SERVICE" />
13-->src/main/AndroidManifest.xml:6:5-77
13-->src/main/AndroidManifest.xml:6:22-74
14    <!-- Live workout is not Health Connect / activity recognition; use specialUse (required subtype on API 34+). -->
15    <uses-permission android:name="android.permission.FOREGROUND_SERVICE_SPECIAL_USE" />
15-->src/main/AndroidManifest.xml:8:5-89
15-->src/main/AndroidManifest.xml:8:22-86
16    <uses-permission android:name="android.permission.RECEIVE_BOOT_COMPLETED" />
16-->src/main/AndroidManifest.xml:9:5-81
16-->src/main/AndroidManifest.xml:9:22-78
17    <uses-permission android:name="android.permission.SCHEDULE_EXACT_ALARM" />
17-->src/main/AndroidManifest.xml:10:5-79
17-->src/main/AndroidManifest.xml:10:22-76
18
19    <!-- Package visibility (API 30+): intents we need to resolve -->
20    <queries>
20-->src/main/AndroidManifest.xml:13:5-27:15
21        <intent>
21-->src/main/AndroidManifest.xml:14:9-17:18
22            <action android:name="android.intent.action.VIEW" />
22-->src/main/AndroidManifest.xml:15:13-65
22-->src/main/AndroidManifest.xml:15:21-62
23
24            <data android:scheme="nostrsigner" />
24-->src/main/AndroidManifest.xml:16:13-50
24-->src/main/AndroidManifest.xml:16:19-47
25        </intent>
26        <!-- Browsers for https/http links (e.g. MET compendium from in-app links) -->
27        <intent>
27-->src/main/AndroidManifest.xml:19:9-22:18
28            <action android:name="android.intent.action.VIEW" />
28-->src/main/AndroidManifest.xml:15:13-65
28-->src/main/AndroidManifest.xml:15:21-62
29
30            <data android:scheme="https" />
30-->src/main/AndroidManifest.xml:16:13-50
30-->src/main/AndroidManifest.xml:16:19-47
31        </intent>
32        <intent>
32-->src/main/AndroidManifest.xml:23:9-26:18
33            <action android:name="android.intent.action.VIEW" />
33-->src/main/AndroidManifest.xml:15:13-65
33-->src/main/AndroidManifest.xml:15:21-62
34
35            <data android:scheme="http" />
35-->src/main/AndroidManifest.xml:16:13-50
35-->src/main/AndroidManifest.xml:16:19-47
36        </intent>
37    </queries>
38
39    <permission
39-->[androidx.core:core:1.12.0] AndroidManifest.xml:22:5-24:47
40        android:name="com.erv.app.DYNAMIC_RECEIVER_NOT_EXPORTED_PERMISSION"
40-->[androidx.core:core:1.12.0] AndroidManifest.xml:23:9-81
41        android:protectionLevel="signature" />
41-->[androidx.core:core:1.12.0] AndroidManifest.xml:24:9-44
42
43    <uses-permission android:name="com.erv.app.DYNAMIC_RECEIVER_NOT_EXPORTED_PERMISSION" />
43-->[androidx.core:core:1.12.0] AndroidManifest.xml:26:5-97
43-->[androidx.core:core:1.12.0] AndroidManifest.xml:26:22-94
44
45    <application
45-->src/main/AndroidManifest.xml:29:5-74:19
46        android:allowBackup="true"
46-->src/main/AndroidManifest.xml:30:9-35
47        android:appComponentFactory="androidx.core.app.CoreComponentFactory"
47-->[androidx.core:core:1.12.0] AndroidManifest.xml:28:18-86
48        android:extractNativeLibs="false"
49        android:icon="@drawable/ic_launcher"
49-->src/main/AndroidManifest.xml:31:9-45
50        android:label="@string/app_name"
50-->src/main/AndroidManifest.xml:32:9-41
51        android:roundIcon="@drawable/ic_launcher"
51-->src/main/AndroidManifest.xml:33:9-50
52        android:supportsRtl="true"
52-->src/main/AndroidManifest.xml:34:9-35
53        android:theme="@style/Theme.ERV" >
53-->src/main/AndroidManifest.xml:35:9-41
54        <activity
54-->src/main/AndroidManifest.xml:36:9-44:20
55            android:name="com.erv.app.MainActivity"
55-->src/main/AndroidManifest.xml:37:13-41
56            android:exported="true"
56-->src/main/AndroidManifest.xml:38:13-36
57            android:launchMode="singleTop" >
57-->src/main/AndroidManifest.xml:39:13-43
58            <intent-filter>
58-->src/main/AndroidManifest.xml:40:13-43:29
59                <action android:name="android.intent.action.MAIN" />
59-->src/main/AndroidManifest.xml:41:17-69
59-->src/main/AndroidManifest.xml:41:25-66
60
61                <category android:name="android.intent.category.LAUNCHER" />
61-->src/main/AndroidManifest.xml:42:17-77
61-->src/main/AndroidManifest.xml:42:27-74
62            </intent-filter>
63        </activity>
64        <activity
64-->src/main/AndroidManifest.xml:46:9-51:44
65            android:name="com.erv.app.ui.weighttraining.WeightWorkoutBubbleActivity"
65-->src/main/AndroidManifest.xml:47:13-74
66            android:allowEmbedded="true"
66-->src/main/AndroidManifest.xml:51:13-41
67            android:exported="false"
67-->src/main/AndroidManifest.xml:48:13-37
68            android:resizeableActivity="true"
68-->src/main/AndroidManifest.xml:50:13-46
69            android:theme="@style/Theme.ERV.Bubble" />
69-->src/main/AndroidManifest.xml:49:13-52
70
71        <service
71-->src/main/AndroidManifest.xml:53:9-60:19
72            android:name="com.erv.app.weighttraining.WeightLiveWorkoutForegroundService"
72-->src/main/AndroidManifest.xml:54:13-78
73            android:exported="false"
73-->src/main/AndroidManifest.xml:55:13-37
74            android:foregroundServiceType="specialUse" >
74-->src/main/AndroidManifest.xml:56:13-55
75            <property
75-->src/main/AndroidManifest.xml:57:13-59:147
76                android:name="android.app.PROPERTY_SPECIAL_USE_FGS_SUBTYPE"
76-->src/main/AndroidManifest.xml:58:17-76
77                android:value="Ongoing weight-training session: timer, notification, and optional bubble to return to the live workout screen." />
77-->src/main/AndroidManifest.xml:59:17-144
78        </service>
79
80        <receiver
80-->src/main/AndroidManifest.xml:61:9-63:40
81            android:name="com.erv.app.reminders.RoutineReminderReceiver"
81-->src/main/AndroidManifest.xml:62:13-62
82            android:exported="false" />
82-->src/main/AndroidManifest.xml:63:13-37
83        <receiver
83-->src/main/AndroidManifest.xml:64:9-73:20
84            android:name="com.erv.app.reminders.RoutineReminderBootReceiver"
84-->src/main/AndroidManifest.xml:65:13-66
85            android:exported="true" >
85-->src/main/AndroidManifest.xml:66:13-36
86            <intent-filter>
86-->src/main/AndroidManifest.xml:67:13-72:29
87                <action android:name="android.intent.action.BOOT_COMPLETED" />
87-->src/main/AndroidManifest.xml:68:17-79
87-->src/main/AndroidManifest.xml:68:25-76
88                <action android:name="android.intent.action.TIME_SET" />
88-->src/main/AndroidManifest.xml:69:17-73
88-->src/main/AndroidManifest.xml:69:25-70
89                <action android:name="android.intent.action.TIMEZONE_CHANGED" />
89-->src/main/AndroidManifest.xml:70:17-81
89-->src/main/AndroidManifest.xml:70:25-78
90                <action android:name="android.intent.action.MY_PACKAGE_REPLACED" />
90-->src/main/AndroidManifest.xml:71:17-84
90-->src/main/AndroidManifest.xml:71:25-81
91            </intent-filter>
92        </receiver>
93
94        <provider
94-->[androidx.emoji2:emoji2:1.3.0] AndroidManifest.xml:24:9-32:20
95            android:name="androidx.startup.InitializationProvider"
95-->[androidx.emoji2:emoji2:1.3.0] AndroidManifest.xml:25:13-67
96            android:authorities="com.erv.app.androidx-startup"
96-->[androidx.emoji2:emoji2:1.3.0] AndroidManifest.xml:26:13-68
97            android:exported="false" >
97-->[androidx.emoji2:emoji2:1.3.0] AndroidManifest.xml:27:13-37
98            <meta-data
98-->[androidx.emoji2:emoji2:1.3.0] AndroidManifest.xml:29:13-31:52
99                android:name="androidx.emoji2.text.EmojiCompatInitializer"
99-->[androidx.emoji2:emoji2:1.3.0] AndroidManifest.xml:30:17-75
100                android:value="androidx.startup" />
100-->[androidx.emoji2:emoji2:1.3.0] AndroidManifest.xml:31:17-49
101            <meta-data
101-->[androidx.lifecycle:lifecycle-process:2.7.0] AndroidManifest.xml:29:13-31:52
102                android:name="androidx.lifecycle.ProcessLifecycleInitializer"
102-->[androidx.lifecycle:lifecycle-process:2.7.0] AndroidManifest.xml:30:17-78
103                android:value="androidx.startup" />
103-->[androidx.lifecycle:lifecycle-process:2.7.0] AndroidManifest.xml:31:17-49
104            <meta-data
104-->[androidx.profileinstaller:profileinstaller:1.3.0] AndroidManifest.xml:29:13-31:52
105                android:name="androidx.profileinstaller.ProfileInstallerInitializer"
105-->[androidx.profileinstaller:profileinstaller:1.3.0] AndroidManifest.xml:30:17-85
106                android:value="androidx.startup" />
106-->[androidx.profileinstaller:profileinstaller:1.3.0] AndroidManifest.xml:31:17-49
107        </provider>
108
109        <receiver
109-->[androidx.profileinstaller:profileinstaller:1.3.0] AndroidManifest.xml:34:9-52:20
110            android:name="androidx.profileinstaller.ProfileInstallReceiver"
110-->[androidx.profileinstaller:profileinstaller:1.3.0] AndroidManifest.xml:35:13-76
111            android:directBootAware="false"
111-->[androidx.profileinstaller:profileinstaller:1.3.0] AndroidManifest.xml:36:13-44
112            android:enabled="true"
112-->[androidx.profileinstaller:profileinstaller:1.3.0] AndroidManifest.xml:37:13-35
113            android:exported="true"
113-->[androidx.profileinstaller:profileinstaller:1.3.0] AndroidManifest.xml:38:13-36
114            android:permission="android.permission.DUMP" >
114-->[androidx.profileinstaller:profileinstaller:1.3.0] AndroidManifest.xml:39:13-57
115            <intent-filter>
115-->[androidx.profileinstaller:profileinstaller:1.3.0] AndroidManifest.xml:40:13-42:29
116                <action android:name="androidx.profileinstaller.action.INSTALL_PROFILE" />
116-->[androidx.profileinstaller:profileinstaller:1.3.0] AndroidManifest.xml:41:17-91
116-->[androidx.profileinstaller:profileinstaller:1.3.0] AndroidManifest.xml:41:25-88
117            </intent-filter>
118            <intent-filter>
118-->[androidx.profileinstaller:profileinstaller:1.3.0] AndroidManifest.xml:43:13-45:29
119                <action android:name="androidx.profileinstaller.action.SKIP_FILE" />
119-->[androidx.profileinstaller:profileinstaller:1.3.0] AndroidManifest.xml:44:17-85
119-->[androidx.profileinstaller:profileinstaller:1.3.0] AndroidManifest.xml:44:25-82
120            </intent-filter>
121            <intent-filter>
121-->[androidx.profileinstaller:profileinstaller:1.3.0] AndroidManifest.xml:46:13-48:29
122                <action android:name="androidx.profileinstaller.action.SAVE_PROFILE" />
122-->[androidx.profileinstaller:profileinstaller:1.3.0] AndroidManifest.xml:47:17-88
122-->[androidx.profileinstaller:profileinstaller:1.3.0] AndroidManifest.xml:47:25-85
123            </intent-filter>
124            <intent-filter>
124-->[androidx.profileinstaller:profileinstaller:1.3.0] AndroidManifest.xml:49:13-51:29
125                <action android:name="androidx.profileinstaller.action.BENCHMARK_OPERATION" />
125-->[androidx.profileinstaller:profileinstaller:1.3.0] AndroidManifest.xml:50:17-95
125-->[androidx.profileinstaller:profileinstaller:1.3.0] AndroidManifest.xml:50:25-92
126            </intent-filter>
127        </receiver>
128    </application>
129
130</manifest>